<?xml version="1.0" encoding="UTF-8"?>
<testng-results ignored="0" total="1" passed="1" failed="0" skipped="0">
  <reporter-output>
  </reporter-output>
  <suite started-at="2022-03-06T20:37:15 IST" name="Default suite" finished-at="2022-03-06T20:37:30 IST" duration-ms="15039">
    <groups>
    </groups>
    <test started-at="2022-03-06T20:37:15 IST" name="Default test" finished-at="2022-03-06T20:37:30 IST" duration-ms="15039">
      <class name="com.mphasis.selenium.SeleniumDemo.TestLocatorByLinkText">
        <test-method is-config="true" signature="beforeMethod()[pri:0, instance:com.mphasis.selenium.SeleniumDemo.TestLocatorByLinkText@7714e963]" started-at="2022-03-06T20:37:15 IST" name="beforeMethod" finished-at="2022-03-06T20:37:18 IST" duration-ms="3005" status="PASS">
          <reporter-output>
          </reporter-output>
        </test-method> <!-- beforeMethod -->
        <test-method signature="testByLinkTextStrategy()[pri:0, instance:com.mphasis.selenium.SeleniumDemo.TestLocatorByLinkText@7714e963]" started-at="2022-03-06T20:37:18 IST" name="testByLinkTextStrategy" finished-at="2022-03-06T20:37:26 IST" duration-ms="7812" status="PASS">
          <reporter-output>
          </reporter-output>
        </test-method> <!-- testByLinkTextStrategy -->
        <test-method is-config="true" signature="afterMethod()[pri:0, instance:com.mphasis.selenium.SeleniumDemo.TestLocatorByLinkText@7714e963]" started-at="2022-03-06T20:37:26 IST" name="afterMethod" finished-at="2022-03-06T20:37:30 IST" duration-ms="4194" status="PASS">
          <reporter-output>
          </reporter-output>
        </test-method> <!-- afterMethod -->
      </class> <!-- com.mphasis.selenium.SeleniumDemo.TestLocatorByLinkText -->
    </test> <!-- Default test -->
  </suite> <!-- Default suite -->
</testng-results>
